CRITICAL - 2025-03-18 03:55:35 --> ErrorException: Allowed memory size of 536870912 bytes exhausted (tried to allocate 32768 bytes)
[Method: GET, Route: login]
in APPPATH\Views\templates\header.php on line 1.
 1 [internal function]: CodeIgniter\Debug\Exceptions->shutdownHandler()
CRITICAL - 2025-03-18 03:55:38 --> ErrorException: Allowed memory size of 536870912 bytes exhausted (tried to allocate 32768 bytes)
[Method: GET, Route: login]
in APPPATH\Views\templates\header.php on line 1.
 1 [internal function]: CodeIgniter\Debug\Exceptions->shutdownHandler()
CRITICAL - 2025-03-18 03:58:42 --> ErrorException: Allowed memory size of 536870912 bytes exhausted (tried to allocate 32768 bytes)
[Method: GET, Route: login]
in APPPATH\Views\templates\header.php on line 1.
 1 [internal function]: CodeIgniter\Debug\Exceptions->shutdownHandler()
CRITICAL - 2025-03-18 03:58:47 --> ErrorException: Allowed memory size of 536870912 bytes exhausted (tried to allocate 32768 bytes)
[Method: GET, Route: login]
in APPPATH\Views\templates\header.php on line 1.
 1 [internal function]: CodeIgniter\Debug\Exceptions->shutdownHandler()
CRITICAL - 2025-03-18 03:58:49 --> ErrorException: Allowed memory size of 536870912 bytes exhausted (tried to allocate 32768 bytes)
[Method: GET, Route: login]
in APPPATH\Views\templates\header.php on line 1.
 1 [internal function]: CodeIgniter\Debug\Exceptions->shutdownHandler()
CRITICAL - 2025-03-18 03:58:49 --> ErrorException: Allowed memory size of 536870912 bytes exhausted (tried to allocate 32768 bytes)
[Method: GET, Route: login]
in APPPATH\Views\templates\header.php on line 1.
 1 [internal function]: CodeIgniter\Debug\Exceptions->shutdownHandler()
CRITICAL - 2025-03-18 03:58:49 --> ErrorException: Allowed memory size of 536870912 bytes exhausted (tried to allocate 32768 bytes)
[Method: GET, Route: login]
in APPPATH\Views\templates\header.php on line 1.
 1 [internal function]: CodeIgniter\Debug\Exceptions->shutdownHandler()
CRITICAL - 2025-03-18 03:58:49 --> ErrorException: Allowed memory size of 536870912 bytes exhausted (tried to allocate 32768 bytes)
[Method: GET, Route: login]
in APPPATH\Views\templates\header.php on line 1.
 1 [internal function]: CodeIgniter\Debug\Exceptions->shutdownHandler()
CRITICAL - 2025-03-18 03:58:50 --> ErrorException: Allowed memory size of 536870912 bytes exhausted (tried to allocate 32768 bytes)
[Method: GET, Route: login]
in APPPATH\Views\templates\header.php on line 1.
 1 [internal function]: CodeIgniter\Debug\Exceptions->shutdownHandler()
CRITICAL - 2025-03-18 04:00:42 --> ErrorException: Allowed memory size of 536870912 bytes exhausted (tried to allocate 32768 bytes)
[Method: GET, Route: login]
in APPPATH\Views\templates\header.php on line 1.
 1 [internal function]: CodeIgniter\Debug\Exceptions->shutdownHandler()
CRITICAL - 2025-03-18 04:00:45 --> ErrorException: Allowed memory size of 536870912 bytes exhausted (tried to allocate 32768 bytes)
[Method: GET, Route: register]
in APPPATH\Views\templates\header.php on line 1.
 1 [internal function]: CodeIgniter\Debug\Exceptions->shutdownHandler()
CRITICAL - 2025-03-18 04:00:47 --> ErrorException: Allowed memory size of 536870912 bytes exhausted (tried to allocate 32768 bytes)
[Method: GET, Route: register]
in APPPATH\Views\templates\header.php on line 1.
 1 [internal function]: CodeIgniter\Debug\Exceptions->shutdownHandler()
CRITICAL - 2025-03-18 04:00:52 --> ErrorException: Allowed memory size of 536870912 bytes exhausted (tried to allocate 262144 bytes)
[Method: GET, Route: register]
in SYSTEMPATH\View\View.php on line 475.
 1 [internal function]: CodeIgniter\Debug\Exceptions->shutdownHandler()
CRITICAL - 2025-03-18 04:00:52 --> ErrorException: Allowed memory size of 536870912 bytes exhausted (tried to allocate 262144 bytes)
[Method: GET, Route: register]
in SYSTEMPATH\View\View.php on line 475.
 1 [internal function]: CodeIgniter\Debug\Exceptions->shutdownHandler()
CRITICAL - 2025-03-18 04:00:53 --> ErrorException: Allowed memory size of 536870912 bytes exhausted (tried to allocate 262144 bytes)
[Method: GET, Route: register]
in SYSTEMPATH\View\View.php on line 475.
 1 [internal function]: CodeIgniter\Debug\Exceptions->shutdownHandler()
CRITICAL - 2025-03-18 04:00:53 --> ErrorException: Allowed memory size of 536870912 bytes exhausted (tried to allocate 262144 bytes)
[Method: GET, Route: register]
in SYSTEMPATH\View\View.php on line 475.
 1 [internal function]: CodeIgniter\Debug\Exceptions->shutdownHandler()
CRITICAL - 2025-03-18 04:00:55 --> ErrorException: Allowed memory size of 536870912 bytes exhausted (tried to allocate 32768 bytes)
[Method: GET, Route: login]
in APPPATH\Views\templates\header.php on line 1.
 1 [internal function]: CodeIgniter\Debug\Exceptions->shutdownHandler()
CRITICAL - 2025-03-18 04:01:03 --> ErrorException: Allowed memory size of 536870912 bytes exhausted (tried to allocate 32768 bytes)
[Method: GET, Route: login]
in APPPATH\Views\templates\header.php on line 1.
 1 [internal function]: CodeIgniter\Debug\Exceptions->shutdownHandler()
CRITICAL - 2025-03-18 04:01:30 --> ErrorException: Allowed memory size of 536870912 bytes exhausted (tried to allocate 32768 bytes)
[Method: GET, Route: register]
in APPPATH\Views\templates\header.php on line 1.
 1 [internal function]: CodeIgniter\Debug\Exceptions->shutdownHandler()
CRITICAL - 2025-03-18 04:02:30 --> ErrorException: Allowed memory size of 536870912 bytes exhausted (tried to allocate 262144 bytes)
[Method: GET, Route: register]
in SYSTEMPATH\View\View.php on line 475.
 1 [internal function]: CodeIgniter\Debug\Exceptions->shutdownHandler()
CRITICAL - 2025-03-18 04:02:38 --> ErrorException: Allowed memory size of 536870912 bytes exhausted (tried to allocate 32768 bytes)
[Method: GET, Route: register]
in APPPATH\Views\templates\header.php on line 1.
 1 [internal function]: CodeIgniter\Debug\Exceptions->shutdownHandler()
CRITICAL - 2025-03-18 04:03:08 --> ErrorException: Allowed memory size of 536870912 bytes exhausted (tried to allocate 262144 bytes)
[Method: GET, Route: register]
in SYSTEMPATH\View\View.php on line 475.
 1 [internal function]: CodeIgniter\Debug\Exceptions->shutdownHandler()
CRITICAL - 2025-03-18 04:04:39 --> ErrorException: Allowed memory size of 536870912 bytes exhausted (tried to allocate 262144 bytes)
[Method: GET, Route: register]
in SYSTEMPATH\View\View.php on line 475.
 1 [internal function]: CodeIgniter\Debug\Exceptions->shutdownHandler()
CRITICAL - 2025-03-18 04:05:14 --> ErrorException: Allowed memory size of 536870912 bytes exhausted (tried to allocate 32768 bytes)
[Method: GET, Route: register]
in APPPATH\Views\templates\header.php on line 1.
 1 [internal function]: CodeIgniter\Debug\Exceptions->shutdownHandler()
CRITICAL - 2025-03-18 04:05:54 --> ErrorException: Allowed memory size of 536870912 bytes exhausted (tried to allocate 262144 bytes)
[Method: GET, Route: register]
in SYSTEMPATH\View\View.php on line 475.
 1 [internal function]: CodeIgniter\Debug\Exceptions->shutdownHandler()
CRITICAL - 2025-03-18 04:09:38 --> ErrorException: Allowed memory size of 536870912 bytes exhausted (tried to allocate 32768 bytes)
[Method: GET, Route: register]
in APPPATH\Views\templates\header.php on line 1.
 1 [internal function]: CodeIgniter\Debug\Exceptions->shutdownHandler()
CRITICAL - 2025-03-18 04:09:49 --> ErrorException: Allowed memory size of 536870912 bytes exhausted (tried to allocate 32768 bytes)
[Method: GET, Route: /]
in APPPATH\Views\templates\header.php on line 1.
 1 [internal function]: CodeIgniter\Debug\Exceptions->shutdownHandler()
CRITICAL - 2025-03-18 04:10:36 --> ErrorException: Allowed memory size of 536870912 bytes exhausted (tried to allocate 32768 bytes)
[Method: GET, Route: /]
in APPPATH\Views\templates\header.php on line 1.
 1 [internal function]: CodeIgniter\Debug\Exceptions->shutdownHandler()
CRITICAL - 2025-03-18 04:10:41 --> ErrorException: Allowed memory size of 536870912 bytes exhausted (tried to allocate 32768 bytes)
[Method: GET, Route: /]
in APPPATH\Views\templates\header.php on line 1.
 1 [internal function]: CodeIgniter\Debug\Exceptions->shutdownHandler()
CRITICAL - 2025-03-18 04:11:08 --> ErrorException: Allowed memory size of 536870912 bytes exhausted (tried to allocate 32768 bytes)
[Method: GET, Route: /]
in APPPATH\Views\templates\header.php on line 1.
 1 [internal function]: CodeIgniter\Debug\Exceptions->shutdownHandler()
CRITICAL - 2025-03-18 04:11:32 --> ErrorException: Allowed memory size of 536870912 bytes exhausted (tried to allocate 32768 bytes)
[Method: GET, Route: register]
in APPPATH\Views\templates\header.php on line 1.
 1 [internal function]: CodeIgniter\Debug\Exceptions->shutdownHandler()
